<?xml version="1.0" encoding="UTF-8"?>
<!-- Generated by org.testng.reporters.JUnitReportReporter -->
<testsuite hostname="L-INE-96MWM93" failures="0" tests="1" name="runner.TestRunnerClass" time="14.892" errors="0" timestamp="2025-01-17T00:30:05 IST" skipped="0">
  <testcase classname="runner.TestRunnerClass" name="runScenario" time="14.892"/>
</testsuite> <!-- runner.TestRunnerClass -->
