<?xml version="1.0" encoding="UTF-8"?>
<!-- Generated by org.testng.reporters.JUnitReportReporter -->
<testsuite hostname="L-INE-96MWM93" failures="0" tests="6" name="runner.TestRunnerClass" time="97.743" errors="0" timestamp="2025-01-07T15:27:37 IST" skipped="0">
  <testcase classname="runner.TestRunnerClass" name="runScenario" time="19.402"/>
  <testcase classname="runner.TestRunnerClass" name="runScenario" time="18.940"/>
  <testcase classname="runner.TestRunnerClass" name="runScenario" time="18.514"/>
  <testcase classname="runner.TestRunnerClass" name="runScenario" time="16.417"/>
  <testcase classname="runner.TestRunnerClass" name="runScenario" time="10.326"/>
  <testcase classname="runner.TestRunnerClass" name="runScenario" time="14.144"/>
</testsuite> <!-- runner.TestRunnerClass -->
