<?xml version="1.0" encoding="UTF-8"?>
<!-- Generated by org.testng.reporters.JUnitReportReporter -->
<testsuite hostname="L-INE-96MWM93" failures="0" tests="69" name="runner.TestRunnerClass" time="0.740" errors="0" timestamp="2025-02-09T17:33:03 IST" skipped="0">
  <testcase classname="runner.TestRunnerClass" name="runScenario" time="0.007"/>
  <testcase classname="runner.TestRunnerClass" name="runScenario" time="0.008"/>
  <testcase classname="runner.TestRunnerClass" name="runScenario" time="0.006"/>
  <testcase classname="runner.TestRunnerClass" name="runScenario" time="0.006"/>
  <testcase classname="runner.TestRunnerClass" name="runScenario" time="0.017"/>
  <testcase classname="runner.TestRunnerClass" name="runScenario" time="0.006"/>
  <testcase classname="runner.TestRunnerClass" name="runScenario" time="0.007"/>
  <testcase classname="runner.TestRunnerClass" name="runScenario" time="0.007"/>
  <testcase classname="runner.TestRunnerClass" name="runScenario" time="0.010"/>
  <testcase classname="runner.TestRunnerClass" name="runScenario" time="0.005"/>
  <testcase classname="runner.TestRunnerClass" name="runScenario" time="0.016"/>
  <testcase classname="runner.TestRunnerClass" name="runScenario" time="0.016"/>
  <testcase classname="runner.TestRunnerClass" name="runScenario" time="0.010"/>
  <testcase classname="runner.TestRunnerClass" name="runScenario" time="0.009"/>
  <testcase classname="runner.TestRunnerClass" name="runScenario" time="0.017"/>
  <testcase classname="runner.TestRunnerClass" name="runScenario" time="0.006"/>
  <testcase classname="runner.TestRunnerClass" name="runScenario" time="0.005"/>
  <testcase classname="runner.TestRunnerClass" name="runScenario" time="0.005"/>
  <testcase classname="runner.TestRunnerClass" name="runScenario" time="0.010"/>
  <testcase classname="runner.TestRunnerClass" name="runScenario" time="0.013"/>
  <testcase classname="runner.TestRunnerClass" name="runScenario" time="0.016"/>
  <testcase classname="runner.TestRunnerClass" name="runScenario" time="0.011"/>
  <testcase classname="runner.TestRunnerClass" name="runScenario" time="0.006"/>
  <testcase classname="runner.TestRunnerClass" name="runScenario" time="0.005"/>
  <testcase classname="runner.TestRunnerClass" name="runScenario" time="0.011"/>
  <testcase classname="runner.TestRunnerClass" name="runScenario" time="0.006"/>
  <testcase classname="runner.TestRunnerClass" name="runScenario" time="0.005"/>
  <testcase classname="runner.TestRunnerClass" name="runScenario" time="0.006"/>
  <testcase classname="runner.TestRunnerClass" name="runScenario" time="0.009"/>
  <testcase classname="runner.TestRunnerClass" name="runScenario" time="0.007"/>
  <testcase classname="runner.TestRunnerClass" name="runScenario" time="0.011"/>
  <testcase classname="runner.TestRunnerClass" name="runScenario" time="0.005"/>
  <testcase classname="runner.TestRunnerClass" name="runScenario" time="0.012"/>
  <testcase classname="runner.TestRunnerClass" name="runScenario" time="0.005"/>
  <testcase classname="runner.TestRunnerClass" name="runScenario" time="0.035"/>
  <testcase classname="runner.TestRunnerClass" name="runScenario" time="0.004"/>
  <testcase classname="runner.TestRunnerClass" name="runScenario" time="0.016"/>
  <testcase classname="runner.TestRunnerClass" name="runScenario" time="0.012"/>
  <testcase classname="runner.TestRunnerClass" name="runScenario" time="0.008"/>
  <testcase classname="runner.TestRunnerClass" name="runScenario" time="0.007"/>
  <testcase classname="runner.TestRunnerClass" name="runScenario" time="0.011"/>
  <testcase classname="runner.TestRunnerClass" name="runScenario" time="0.007"/>
  <testcase classname="runner.TestRunnerClass" name="runScenario" time="0.012"/>
  <testcase classname="runner.TestRunnerClass" name="runScenario" time="0.006"/>
  <testcase classname="runner.TestRunnerClass" name="runScenario" time="0.004"/>
  <testcase classname="runner.TestRunnerClass" name="runScenario" time="0.013"/>
  <testcase classname="runner.TestRunnerClass" name="runScenario" time="0.006"/>
  <testcase classname="runner.TestRunnerClass" name="runScenario" time="0.006"/>
  <testcase classname="runner.TestRunnerClass" name="runScenario" time="0.006"/>
  <testcase classname="runner.TestRunnerClass" name="runScenario" time="0.007"/>
  <testcase classname="runner.TestRunnerClass" name="runScenario" time="0.006"/>
  <testcase classname="runner.TestRunnerClass" name="runScenario" time="0.013"/>
  <testcase classname="runner.TestRunnerClass" name="runScenario" time="0.004"/>
  <testcase classname="runner.TestRunnerClass" name="runScenario" time="0.006"/>
  <testcase classname="runner.TestRunnerClass" name="runScenario" time="0.010"/>
  <testcase classname="runner.TestRunnerClass" name="runScenario" time="0.005"/>
  <testcase classname="runner.TestRunnerClass" name="runScenario" time="0.005"/>
  <testcase classname="runner.TestRunnerClass" name="runScenario" time="0.011"/>
  <testcase classname="runner.TestRunnerClass" name="runScenario" time="0.006"/>
  <testcase classname="runner.TestRunnerClass" name="runScenario" time="0.005"/>
  <testcase classname="runner.TestRunnerClass" name="runScenario" time="0.006"/>
  <testcase classname="runner.TestRunnerClass" name="runScenario" time="0.145"/>
  <testcase classname="runner.TestRunnerClass" name="runScenario" time="0.006"/>
  <testcase classname="runner.TestRunnerClass" name="runScenario" time="0.007"/>
  <testcase classname="runner.TestRunnerClass" name="runScenario" time="0.011"/>
  <testcase classname="runner.TestRunnerClass" name="runScenario" time="0.006"/>
  <testcase classname="runner.TestRunnerClass" name="runScenario" time="0.016"/>
  <testcase classname="runner.TestRunnerClass" name="runScenario" time="0.005"/>
  <testcase classname="runner.TestRunnerClass" name="runScenario" time="0.006"/>
</testsuite> <!-- runner.TestRunnerClass -->
