<?xml version="1.0" encoding="UTF-8"?>
<!-- Generated by org.testng.reporters.JUnitReportReporter -->
<testsuite hostname="L-INE-96MWM93" failures="0" tests="25" name="runner.TestRunnerClass" time="339.803" errors="0" timestamp="2025-01-09T12:05:10 IST" skipped="0">
  <testcase classname="runner.TestRunnerClass" name="runScenario" time="13.540"/>
  <testcase classname="runner.TestRunnerClass" name="runScenario" time="11.850"/>
  <testcase classname="runner.TestRunnerClass" name="runScenario" time="13.397"/>
  <testcase classname="runner.TestRunnerClass" name="runScenario" time="13.468"/>
  <testcase classname="runner.TestRunnerClass" name="runScenario" time="16.838"/>
  <testcase classname="runner.TestRunnerClass" name="runScenario" time="13.064"/>
  <testcase classname="runner.TestRunnerClass" name="runScenario" time="20.284"/>
  <testcase classname="runner.TestRunnerClass" name="runScenario" time="11.047"/>
  <testcase classname="runner.TestRunnerClass" name="runScenario" time="13.245"/>
  <testcase classname="runner.TestRunnerClass" name="runScenario" time="11.057"/>
  <testcase classname="runner.TestRunnerClass" name="runScenario" time="13.586"/>
  <testcase classname="runner.TestRunnerClass" name="runScenario" time="10.979"/>
  <testcase classname="runner.TestRunnerClass" name="runScenario" time="16.160"/>
  <testcase classname="runner.TestRunnerClass" name="runScenario" time="27.024"/>
  <testcase classname="runner.TestRunnerClass" name="runScenario" time="8.607"/>
  <testcase classname="runner.TestRunnerClass" name="runScenario" time="8.640"/>
  <testcase classname="runner.TestRunnerClass" name="runScenario" time="13.881"/>
  <testcase classname="runner.TestRunnerClass" name="runScenario" time="4.727"/>
  <testcase classname="runner.TestRunnerClass" name="runScenario" time="26.924"/>
  <testcase classname="runner.TestRunnerClass" name="runScenario" time="13.309"/>
  <testcase classname="runner.TestRunnerClass" name="runScenario" time="13.159"/>
  <testcase classname="runner.TestRunnerClass" name="runScenario" time="13.364"/>
  <testcase classname="runner.TestRunnerClass" name="runScenario" time="11.167"/>
  <testcase classname="runner.TestRunnerClass" name="runScenario" time="11.842"/>
  <testcase classname="runner.TestRunnerClass" name="runScenario" time="8.644"/>
</testsuite> <!-- runner.TestRunnerClass -->
