<?xml version="1.0" encoding="UTF-8"?>
<!-- Generated by org.testng.reporters.JUnitReportReporter -->
<testsuite hostname="L-INE-96MWM93" failures="0" tests="20" name="runner.TestRunnerClass" time="276.590" errors="0" timestamp="2025-01-10T12:13:17 IST" skipped="0">
  <testcase classname="runner.TestRunnerClass" name="runScenario" time="3.998"/>
  <testcase classname="runner.TestRunnerClass" name="runScenario" time="11.564"/>
  <testcase classname="runner.TestRunnerClass" name="runScenario" time="21.682"/>
  <testcase classname="runner.TestRunnerClass" name="runScenario" time="10.735"/>
  <testcase classname="runner.TestRunnerClass" name="runScenario" time="13.593"/>
  <testcase classname="runner.TestRunnerClass" name="runScenario" time="4.918"/>
  <testcase classname="runner.TestRunnerClass" name="runScenario" time="16.440"/>
  <testcase classname="runner.TestRunnerClass" name="runScenario" time="13.461"/>
  <testcase classname="runner.TestRunnerClass" name="runScenario" time="11.883"/>
  <testcase classname="runner.TestRunnerClass" name="runScenario" time="12.820"/>
  <testcase classname="runner.TestRunnerClass" name="runScenario" time="26.431"/>
  <testcase classname="runner.TestRunnerClass" name="runScenario" time="12.843"/>
  <testcase classname="runner.TestRunnerClass" name="runScenario" time="12.617"/>
  <testcase classname="runner.TestRunnerClass" name="runScenario" time="12.816"/>
  <testcase classname="runner.TestRunnerClass" name="runScenario" time="12.883"/>
  <testcase classname="runner.TestRunnerClass" name="runScenario" time="12.450"/>
  <testcase classname="runner.TestRunnerClass" name="runScenario" time="26.419"/>
  <testcase classname="runner.TestRunnerClass" name="runScenario" time="12.390"/>
  <testcase classname="runner.TestRunnerClass" name="runScenario" time="13.913"/>
  <testcase classname="runner.TestRunnerClass" name="runScenario" time="12.734"/>
</testsuite> <!-- runner.TestRunnerClass -->
