<?xml version="1.0" encoding="UTF-8"?>
<!-- Generated by org.testng.reporters.JUnitReportReporter -->
<testsuite hostname="L-INE-96MWM93" failures="0" tests="5" name="runner.TestRunnerClass" time="176.349" errors="0" timestamp="2025-01-03T18:49:38 IST" skipped="0">
  <testcase classname="runner.TestRunnerClass" name="runScenario" time="13.285"/>
  <testcase classname="runner.TestRunnerClass" name="runScenario" time="21.768"/>
  <testcase classname="runner.TestRunnerClass" name="runScenario" time="21.427"/>
  <testcase classname="runner.TestRunnerClass" name="runScenario" time="19.825"/>
  <testcase classname="runner.TestRunnerClass" name="runScenario" time="100.044"/>
</testsuite> <!-- runner.TestRunnerClass -->
