<?xml version="1.0" encoding="UTF-8"?>
<!-- Generated by org.testng.reporters.JUnitReportReporter -->
<testsuite hostname="L-INE-96MWM93" failures="0" tests="25" name="runner.TestRunnerClass" time="361.638" errors="0" timestamp="2025-01-09T09:31:00 IST" skipped="0">
  <testcase classname="runner.TestRunnerClass" name="runScenario" time="15.189"/>
  <testcase classname="runner.TestRunnerClass" name="runScenario" time="13.619"/>
  <testcase classname="runner.TestRunnerClass" name="runScenario" time="14.158"/>
  <testcase classname="runner.TestRunnerClass" name="runScenario" time="10.584"/>
  <testcase classname="runner.TestRunnerClass" name="runScenario" time="11.880"/>
  <testcase classname="runner.TestRunnerClass" name="runScenario" time="14.211"/>
  <testcase classname="runner.TestRunnerClass" name="runScenario" time="11.747"/>
  <testcase classname="runner.TestRunnerClass" name="runScenario" time="15.395"/>
  <testcase classname="runner.TestRunnerClass" name="runScenario" time="14.126"/>
  <testcase classname="runner.TestRunnerClass" name="runScenario" time="11.169"/>
  <testcase classname="runner.TestRunnerClass" name="runScenario" time="13.617"/>
  <testcase classname="runner.TestRunnerClass" name="runScenario" time="15.396"/>
  <testcase classname="runner.TestRunnerClass" name="runScenario" time="15.123"/>
  <testcase classname="runner.TestRunnerClass" name="runScenario" time="20.100"/>
  <testcase classname="runner.TestRunnerClass" name="runScenario" time="14.315"/>
  <testcase classname="runner.TestRunnerClass" name="runScenario" time="14.245"/>
  <testcase classname="runner.TestRunnerClass" name="runScenario" time="18.732"/>
  <testcase classname="runner.TestRunnerClass" name="runScenario" time="11.781"/>
  <testcase classname="runner.TestRunnerClass" name="runScenario" time="8.366"/>
  <testcase classname="runner.TestRunnerClass" name="runScenario" time="11.188"/>
  <testcase classname="runner.TestRunnerClass" name="runScenario" time="9.007"/>
  <testcase classname="runner.TestRunnerClass" name="runScenario" time="17.334"/>
  <testcase classname="runner.TestRunnerClass" name="runScenario" time="27.676"/>
  <testcase classname="runner.TestRunnerClass" name="runScenario" time="27.890"/>
  <testcase classname="runner.TestRunnerClass" name="runScenario" time="4.790"/>
</testsuite> <!-- runner.TestRunnerClass -->
