<?xml version="1.0" encoding="UTF-8"?>
<!-- Generated by org.testng.reporters.JUnitReportReporter -->
<testsuite hostname="L-INE-96MWM93" failures="0" tests="77" name="runner.TestRunnerClass" time="0.956" errors="0" timestamp="2025-02-13T11:51:42 IST" skipped="0">
  <testcase classname="runner.TestRunnerClass" name="runScenario" time="0.029"/>
  <testcase classname="runner.TestRunnerClass" name="runScenario" time="0.177"/>
  <testcase classname="runner.TestRunnerClass" name="runScenario" time="0.007"/>
  <testcase classname="runner.TestRunnerClass" name="runScenario" time="0.012"/>
  <testcase classname="runner.TestRunnerClass" name="runScenario" time="0.010"/>
  <testcase classname="runner.TestRunnerClass" name="runScenario" time="0.005"/>
  <testcase classname="runner.TestRunnerClass" name="runScenario" time="0.007"/>
  <testcase classname="runner.TestRunnerClass" name="runScenario" time="0.013"/>
  <testcase classname="runner.TestRunnerClass" name="runScenario" time="0.009"/>
  <testcase classname="runner.TestRunnerClass" name="runScenario" time="0.008"/>
  <testcase classname="runner.TestRunnerClass" name="runScenario" time="0.007"/>
  <testcase classname="runner.TestRunnerClass" name="runScenario" time="0.022"/>
  <testcase classname="runner.TestRunnerClass" name="runScenario" time="0.007"/>
  <testcase classname="runner.TestRunnerClass" name="runScenario" time="0.006"/>
  <testcase classname="runner.TestRunnerClass" name="runScenario" time="0.005"/>
  <testcase classname="runner.TestRunnerClass" name="runScenario" time="0.006"/>
  <testcase classname="runner.TestRunnerClass" name="runScenario" time="0.012"/>
  <testcase classname="runner.TestRunnerClass" name="runScenario" time="0.014"/>
  <testcase classname="runner.TestRunnerClass" name="runScenario" time="0.008"/>
  <testcase classname="runner.TestRunnerClass" name="runScenario" time="0.009"/>
  <testcase classname="runner.TestRunnerClass" name="runScenario" time="0.008"/>
  <testcase classname="runner.TestRunnerClass" name="runScenario" time="0.018"/>
  <testcase classname="runner.TestRunnerClass" name="runScenario" time="0.006"/>
  <testcase classname="runner.TestRunnerClass" name="runScenario" time="0.010"/>
  <testcase classname="runner.TestRunnerClass" name="runScenario" time="0.005"/>
  <testcase classname="runner.TestRunnerClass" name="runScenario" time="0.006"/>
  <testcase classname="runner.TestRunnerClass" name="runScenario" time="0.012"/>
  <testcase classname="runner.TestRunnerClass" name="runScenario" time="0.008"/>
  <testcase classname="runner.TestRunnerClass" name="runScenario" time="0.011"/>
  <testcase classname="runner.TestRunnerClass" name="runScenario" time="0.009"/>
  <testcase classname="runner.TestRunnerClass" name="runScenario" time="0.012"/>
  <testcase classname="runner.TestRunnerClass" name="runScenario" time="0.014"/>
  <testcase classname="runner.TestRunnerClass" name="runScenario" time="0.008"/>
  <testcase classname="runner.TestRunnerClass" name="runScenario" time="0.007"/>
  <testcase classname="runner.TestRunnerClass" name="runScenario" time="0.008"/>
  <testcase classname="runner.TestRunnerClass" name="runScenario" time="0.009"/>
  <testcase classname="runner.TestRunnerClass" name="runScenario" time="0.016"/>
  <testcase classname="runner.TestRunnerClass" name="runScenario" time="0.007"/>
  <testcase classname="runner.TestRunnerClass" name="runScenario" time="0.011"/>
  <testcase classname="runner.TestRunnerClass" name="runScenario" time="0.016"/>
  <testcase classname="runner.TestRunnerClass" name="runScenario" time="0.008"/>
  <testcase classname="runner.TestRunnerClass" name="runScenario" time="0.008"/>
  <testcase classname="runner.TestRunnerClass" name="runScenario" time="0.009"/>
  <testcase classname="runner.TestRunnerClass" name="runScenario" time="0.021"/>
  <testcase classname="runner.TestRunnerClass" name="runScenario" time="0.006"/>
  <testcase classname="runner.TestRunnerClass" name="runScenario" time="0.009"/>
  <testcase classname="runner.TestRunnerClass" name="runScenario" time="0.023"/>
  <testcase classname="runner.TestRunnerClass" name="runScenario" time="0.006"/>
  <testcase classname="runner.TestRunnerClass" name="runScenario" time="0.019"/>
  <testcase classname="runner.TestRunnerClass" name="runScenario" time="0.008"/>
  <testcase classname="runner.TestRunnerClass" name="runScenario" time="0.008"/>
  <testcase classname="runner.TestRunnerClass" name="runScenario" time="0.006"/>
  <testcase classname="runner.TestRunnerClass" name="runScenario" time="0.019"/>
  <testcase classname="runner.TestRunnerClass" name="runScenario" time="0.011"/>
  <testcase classname="runner.TestRunnerClass" name="runScenario" time="0.009"/>
  <testcase classname="runner.TestRunnerClass" name="runScenario" time="0.007"/>
  <testcase classname="runner.TestRunnerClass" name="runScenario" time="0.011"/>
  <testcase classname="runner.TestRunnerClass" name="runScenario" time="0.007"/>
  <testcase classname="runner.TestRunnerClass" name="runScenario" time="0.011"/>
  <testcase classname="runner.TestRunnerClass" name="runScenario" time="0.019"/>
  <testcase classname="runner.TestRunnerClass" name="runScenario" time="0.006"/>
  <testcase classname="runner.TestRunnerClass" name="runScenario" time="0.007"/>
  <testcase classname="runner.TestRunnerClass" name="runScenario" time="0.012"/>
  <testcase classname="runner.TestRunnerClass" name="runScenario" time="0.011"/>
  <testcase classname="runner.TestRunnerClass" name="runScenario" time="0.022"/>
  <testcase classname="runner.TestRunnerClass" name="runScenario" time="0.012"/>
  <testcase classname="runner.TestRunnerClass" name="runScenario" time="0.012"/>
  <testcase classname="runner.TestRunnerClass" name="runScenario" time="0.007"/>
  <testcase classname="runner.TestRunnerClass" name="runScenario" time="0.008"/>
  <testcase classname="runner.TestRunnerClass" name="runScenario" time="0.008"/>
  <testcase classname="runner.TestRunnerClass" name="runScenario" time="0.007"/>
  <testcase classname="runner.TestRunnerClass" name="runScenario" time="0.006"/>
  <testcase classname="runner.TestRunnerClass" name="runScenario" time="0.005"/>
  <testcase classname="runner.TestRunnerClass" name="runScenario" time="0.006"/>
  <testcase classname="runner.TestRunnerClass" name="runScenario" time="0.008"/>
  <testcase classname="runner.TestRunnerClass" name="runScenario" time="0.007"/>
  <testcase classname="runner.TestRunnerClass" name="runScenario" time="0.013"/>
</testsuite> <!-- runner.TestRunnerClass -->
