<?xml version="1.0" encoding="UTF-8"?>
<!-- Generated by org.testng.reporters.JUnitReportReporter -->
<testsuite hostname="L-INE-96MWM93" failures="0" tests="5" name="runner.TestRunnerClass" time="103.007" errors="0" timestamp="2025-01-20T17:49:46 IST" skipped="0">
  <testcase classname="runner.TestRunnerClass" name="runScenario" time="12.024"/>
  <testcase classname="runner.TestRunnerClass" name="runScenario" time="20.121"/>
  <testcase classname="runner.TestRunnerClass" name="runScenario" time="24.667"/>
  <testcase classname="runner.TestRunnerClass" name="runScenario" time="24.051"/>
  <testcase classname="runner.TestRunnerClass" name="runScenario" time="22.144"/>
</testsuite> <!-- runner.TestRunnerClass -->
