<?xml version="1.0" encoding="UTF-8"?>
<!-- Generated by org.testng.reporters.JUnitReportReporter -->
<testsuite hostname="L-INE-96MWM93" failures="0" tests="15" name="runner.TestRunnerClass" time="198.197" errors="0" timestamp="2025-01-09T01:55:52 IST" skipped="0">
  <testcase classname="runner.TestRunnerClass" name="runScenario" time="13.823"/>
  <testcase classname="runner.TestRunnerClass" name="runScenario" time="8.247"/>
  <testcase classname="runner.TestRunnerClass" name="runScenario" time="26.435"/>
  <testcase classname="runner.TestRunnerClass" name="runScenario" time="19.415"/>
  <testcase classname="runner.TestRunnerClass" name="runScenario" time="17.333"/>
  <testcase classname="runner.TestRunnerClass" name="runScenario" time="10.580"/>
  <testcase classname="runner.TestRunnerClass" name="runScenario" time="11.691"/>
  <testcase classname="runner.TestRunnerClass" name="runScenario" time="10.598"/>
  <testcase classname="runner.TestRunnerClass" name="runScenario" time="8.205"/>
  <testcase classname="runner.TestRunnerClass" name="runScenario" time="10.747"/>
  <testcase classname="runner.TestRunnerClass" name="runScenario" time="10.696"/>
  <testcase classname="runner.TestRunnerClass" name="runScenario" time="3.493"/>
  <testcase classname="runner.TestRunnerClass" name="runScenario" time="11.477"/>
  <testcase classname="runner.TestRunnerClass" name="runScenario" time="27.163"/>
  <testcase classname="runner.TestRunnerClass" name="runScenario" time="8.294"/>
</testsuite> <!-- runner.TestRunnerClass -->
