<?xml version="1.0" encoding="UTF-8"?>
<!-- Generated by org.testng.reporters.JUnitReportReporter -->
<testsuite hostname="L-INE-96MWM93" failures="0" tests="25" name="runner.TestRunnerClass" time="334.731" errors="0" timestamp="2025-01-09T12:45:55 IST" skipped="0">
  <testcase classname="runner.TestRunnerClass" name="runScenario" time="12.956"/>
  <testcase classname="runner.TestRunnerClass" name="runScenario" time="13.013"/>
  <testcase classname="runner.TestRunnerClass" name="runScenario" time="16.638"/>
  <testcase classname="runner.TestRunnerClass" name="runScenario" time="13.065"/>
  <testcase classname="runner.TestRunnerClass" name="runScenario" time="13.099"/>
  <testcase classname="runner.TestRunnerClass" name="runScenario" time="26.714"/>
  <testcase classname="runner.TestRunnerClass" name="runScenario" time="11.824"/>
  <testcase classname="runner.TestRunnerClass" name="runScenario" time="10.757"/>
  <testcase classname="runner.TestRunnerClass" name="runScenario" time="13.013"/>
  <testcase classname="runner.TestRunnerClass" name="runScenario" time="12.877"/>
  <testcase classname="runner.TestRunnerClass" name="runScenario" time="19.557"/>
  <testcase classname="runner.TestRunnerClass" name="runScenario" time="6.936"/>
  <testcase classname="runner.TestRunnerClass" name="runScenario" time="8.636"/>
  <testcase classname="runner.TestRunnerClass" name="runScenario" time="10.906"/>
  <testcase classname="runner.TestRunnerClass" name="runScenario" time="26.838"/>
  <testcase classname="runner.TestRunnerClass" name="runScenario" time="8.483"/>
  <testcase classname="runner.TestRunnerClass" name="runScenario" time="14.612"/>
  <testcase classname="runner.TestRunnerClass" name="runScenario" time="11.719"/>
  <testcase classname="runner.TestRunnerClass" name="runScenario" time="10.807"/>
  <testcase classname="runner.TestRunnerClass" name="runScenario" time="13.179"/>
  <testcase classname="runner.TestRunnerClass" name="runScenario" time="12.956"/>
  <testcase classname="runner.TestRunnerClass" name="runScenario" time="8.539"/>
  <testcase classname="runner.TestRunnerClass" name="runScenario" time="13.945"/>
  <testcase classname="runner.TestRunnerClass" name="runScenario" time="12.949"/>
  <testcase classname="runner.TestRunnerClass" name="runScenario" time="10.713"/>
</testsuite> <!-- runner.TestRunnerClass -->
