<?xml version="1.0" encoding="UTF-8"?>
<!-- Generated by org.testng.reporters.JUnitReportReporter -->
<testsuite hostname="L-INE-96MWM93" failures="0" tests="1" name="runner.TestRunnerClass" time="19.630" errors="0" timestamp="2025-01-07T13:20:03 IST" skipped="0">
  <testcase classname="runner.TestRunnerClass" name="runScenario" time="19.630"/>
</testsuite> <!-- runner.TestRunnerClass -->
