<?xml version="1.0" encoding="UTF-8"?>
<!-- Generated by org.testng.reporters.JUnitReportReporter -->
<testsuite hostname="L-INE-96MWM93" failures="0" tests="55" name="runner.TestRunnerClass" time="0.887" errors="0" timestamp="2025-01-21T00:40:43 IST" skipped="0">
  <testcase classname="runner.TestRunnerClass" name="runScenario" time="0.008"/>
  <testcase classname="runner.TestRunnerClass" name="runScenario" time="0.007"/>
  <testcase classname="runner.TestRunnerClass" name="runScenario" time="0.007"/>
  <testcase classname="runner.TestRunnerClass" name="runScenario" time="0.008"/>
  <testcase classname="runner.TestRunnerClass" name="runScenario" time="0.023"/>
  <testcase classname="runner.TestRunnerClass" name="runScenario" time="0.016"/>
  <testcase classname="runner.TestRunnerClass" name="runScenario" time="0.007"/>
  <testcase classname="runner.TestRunnerClass" name="runScenario" time="0.007"/>
  <testcase classname="runner.TestRunnerClass" name="runScenario" time="0.017"/>
  <testcase classname="runner.TestRunnerClass" name="runScenario" time="0.012"/>
  <testcase classname="runner.TestRunnerClass" name="runScenario" time="0.008"/>
  <testcase classname="runner.TestRunnerClass" name="runScenario" time="0.009"/>
  <testcase classname="runner.TestRunnerClass" name="runScenario" time="0.006"/>
  <testcase classname="runner.TestRunnerClass" name="runScenario" time="0.022"/>
  <testcase classname="runner.TestRunnerClass" name="runScenario" time="0.008"/>
  <testcase classname="runner.TestRunnerClass" name="runScenario" time="0.010"/>
  <testcase classname="runner.TestRunnerClass" name="runScenario" time="0.010"/>
  <testcase classname="runner.TestRunnerClass" name="runScenario" time="0.017"/>
  <testcase classname="runner.TestRunnerClass" name="runScenario" time="0.008"/>
  <testcase classname="runner.TestRunnerClass" name="runScenario" time="0.008"/>
  <testcase classname="runner.TestRunnerClass" name="runScenario" time="0.008"/>
  <testcase classname="runner.TestRunnerClass" name="runScenario" time="0.013"/>
  <testcase classname="runner.TestRunnerClass" name="runScenario" time="0.020"/>
  <testcase classname="runner.TestRunnerClass" name="runScenario" time="0.008"/>
  <testcase classname="runner.TestRunnerClass" name="runScenario" time="0.010"/>
  <testcase classname="runner.TestRunnerClass" name="runScenario" time="0.014"/>
  <testcase classname="runner.TestRunnerClass" name="runScenario" time="0.010"/>
  <testcase classname="runner.TestRunnerClass" name="runScenario" time="0.015"/>
  <testcase classname="runner.TestRunnerClass" name="runScenario" time="0.019"/>
  <testcase classname="runner.TestRunnerClass" name="runScenario" time="0.008"/>
  <testcase classname="runner.TestRunnerClass" name="runScenario" time="0.018"/>
  <testcase classname="runner.TestRunnerClass" name="runScenario" time="0.018"/>
  <testcase classname="runner.TestRunnerClass" name="runScenario" time="0.020"/>
  <testcase classname="runner.TestRunnerClass" name="runScenario" time="0.009"/>
  <testcase classname="runner.TestRunnerClass" name="runScenario" time="0.026"/>
  <testcase classname="runner.TestRunnerClass" name="runScenario" time="0.008"/>
  <testcase classname="runner.TestRunnerClass" name="runScenario" time="0.167"/>
  <testcase classname="runner.TestRunnerClass" name="runScenario" time="0.018"/>
  <testcase classname="runner.TestRunnerClass" name="runScenario" time="0.012"/>
  <testcase classname="runner.TestRunnerClass" name="runScenario" time="0.010"/>
  <testcase classname="runner.TestRunnerClass" name="runScenario" time="0.024"/>
  <testcase classname="runner.TestRunnerClass" name="runScenario" time="0.019"/>
  <testcase classname="runner.TestRunnerClass" name="runScenario" time="0.012"/>
  <testcase classname="runner.TestRunnerClass" name="runScenario" time="0.030"/>
  <testcase classname="runner.TestRunnerClass" name="runScenario" time="0.008"/>
  <testcase classname="runner.TestRunnerClass" name="runScenario" time="0.018"/>
  <testcase classname="runner.TestRunnerClass" name="runScenario" time="0.009"/>
  <testcase classname="runner.TestRunnerClass" name="runScenario" time="0.008"/>
  <testcase classname="runner.TestRunnerClass" name="runScenario" time="0.008"/>
  <testcase classname="runner.TestRunnerClass" name="runScenario" time="0.019"/>
  <testcase classname="runner.TestRunnerClass" name="runScenario" time="0.024"/>
  <testcase classname="runner.TestRunnerClass" name="runScenario" time="0.009"/>
  <testcase classname="runner.TestRunnerClass" name="runScenario" time="0.008"/>
  <testcase classname="runner.TestRunnerClass" name="runScenario" time="0.032"/>
  <testcase classname="runner.TestRunnerClass" name="runScenario" time="0.010"/>
</testsuite> <!-- runner.TestRunnerClass -->
