<?xml version="1.0" encoding="UTF-8"?>
<!-- Generated by org.testng.reporters.JUnitReportReporter -->
<testsuite hostname="L-INE-96MWM93" failures="0" tests="19" name="runner.TestRunnerClass" time="0.285" errors="0" timestamp="2025-01-09T13:10:13 IST" skipped="0">
  <testcase classname="runner.TestRunnerClass" name="runScenario" time="0.009"/>
  <testcase classname="runner.TestRunnerClass" name="runScenario" time="0.011"/>
  <testcase classname="runner.TestRunnerClass" name="runScenario" time="0.019"/>
  <testcase classname="runner.TestRunnerClass" name="runScenario" time="0.014"/>
  <testcase classname="runner.TestRunnerClass" name="runScenario" time="0.013"/>
  <testcase classname="runner.TestRunnerClass" name="runScenario" time="0.008"/>
  <testcase classname="runner.TestRunnerClass" name="runScenario" time="0.009"/>
  <testcase classname="runner.TestRunnerClass" name="runScenario" time="0.007"/>
  <testcase classname="runner.TestRunnerClass" name="runScenario" time="0.010"/>
  <testcase classname="runner.TestRunnerClass" name="runScenario" time="0.009"/>
  <testcase classname="runner.TestRunnerClass" name="runScenario" time="0.008"/>
  <testcase classname="runner.TestRunnerClass" name="runScenario" time="0.011"/>
  <testcase classname="runner.TestRunnerClass" name="runScenario" time="0.012"/>
  <testcase classname="runner.TestRunnerClass" name="runScenario" time="0.081"/>
  <testcase classname="runner.TestRunnerClass" name="runScenario" time="0.018"/>
  <testcase classname="runner.TestRunnerClass" name="runScenario" time="0.013"/>
  <testcase classname="runner.TestRunnerClass" name="runScenario" time="0.011"/>
  <testcase classname="runner.TestRunnerClass" name="runScenario" time="0.008"/>
  <testcase classname="runner.TestRunnerClass" name="runScenario" time="0.014"/>
</testsuite> <!-- runner.TestRunnerClass -->
