<?xml version="1.0" encoding="UTF-8"?>
<!-- Generated by org.testng.reporters.JUnitReportReporter -->
<testsuite hostname="L-INE-96MWM93" failures="0" tests="55" name="runner.TestRunnerClass" time="0.512" errors="0" timestamp="2025-02-06T18:08:23 IST" skipped="0">
  <testcase classname="runner.TestRunnerClass" name="runScenario" time="0.007"/>
  <testcase classname="runner.TestRunnerClass" name="runScenario" time="0.011"/>
  <testcase classname="runner.TestRunnerClass" name="runScenario" time="0.007"/>
  <testcase classname="runner.TestRunnerClass" name="runScenario" time="0.004"/>
  <testcase classname="runner.TestRunnerClass" name="runScenario" time="0.011"/>
  <testcase classname="runner.TestRunnerClass" name="runScenario" time="0.005"/>
  <testcase classname="runner.TestRunnerClass" name="runScenario" time="0.006"/>
  <testcase classname="runner.TestRunnerClass" name="runScenario" time="0.011"/>
  <testcase classname="runner.TestRunnerClass" name="runScenario" time="0.005"/>
  <testcase classname="runner.TestRunnerClass" name="runScenario" time="0.007"/>
  <testcase classname="runner.TestRunnerClass" name="runScenario" time="0.005"/>
  <testcase classname="runner.TestRunnerClass" name="runScenario" time="0.006"/>
  <testcase classname="runner.TestRunnerClass" name="runScenario" time="0.008"/>
  <testcase classname="runner.TestRunnerClass" name="runScenario" time="0.013"/>
  <testcase classname="runner.TestRunnerClass" name="runScenario" time="0.007"/>
  <testcase classname="runner.TestRunnerClass" name="runScenario" time="0.005"/>
  <testcase classname="runner.TestRunnerClass" name="runScenario" time="0.004"/>
  <testcase classname="runner.TestRunnerClass" name="runScenario" time="0.009"/>
  <testcase classname="runner.TestRunnerClass" name="runScenario" time="0.005"/>
  <testcase classname="runner.TestRunnerClass" name="runScenario" time="0.004"/>
  <testcase classname="runner.TestRunnerClass" name="runScenario" time="0.010"/>
  <testcase classname="runner.TestRunnerClass" name="runScenario" time="0.005"/>
  <testcase classname="runner.TestRunnerClass" name="runScenario" time="0.017"/>
  <testcase classname="runner.TestRunnerClass" name="runScenario" time="0.010"/>
  <testcase classname="runner.TestRunnerClass" name="runScenario" time="0.004"/>
  <testcase classname="runner.TestRunnerClass" name="runScenario" time="0.007"/>
  <testcase classname="runner.TestRunnerClass" name="runScenario" time="0.004"/>
  <testcase classname="runner.TestRunnerClass" name="runScenario" time="0.010"/>
  <testcase classname="runner.TestRunnerClass" name="runScenario" time="0.012"/>
  <testcase classname="runner.TestRunnerClass" name="runScenario" time="0.007"/>
  <testcase classname="runner.TestRunnerClass" name="runScenario" time="0.004"/>
  <testcase classname="runner.TestRunnerClass" name="runScenario" time="0.005"/>
  <testcase classname="runner.TestRunnerClass" name="runScenario" time="0.010"/>
  <testcase classname="runner.TestRunnerClass" name="runScenario" time="0.012"/>
  <testcase classname="runner.TestRunnerClass" name="runScenario" time="0.003"/>
  <testcase classname="runner.TestRunnerClass" name="runScenario" time="0.012"/>
  <testcase classname="runner.TestRunnerClass" name="runScenario" time="0.005"/>
  <testcase classname="runner.TestRunnerClass" name="runScenario" time="0.010"/>
  <testcase classname="runner.TestRunnerClass" name="runScenario" time="0.004"/>
  <testcase classname="runner.TestRunnerClass" name="runScenario" time="0.014"/>
  <testcase classname="runner.TestRunnerClass" name="runScenario" time="0.013"/>
  <testcase classname="runner.TestRunnerClass" name="runScenario" time="0.005"/>
  <testcase classname="runner.TestRunnerClass" name="runScenario" time="0.010"/>
  <testcase classname="runner.TestRunnerClass" name="runScenario" time="0.007"/>
  <testcase classname="runner.TestRunnerClass" name="runScenario" time="0.011"/>
  <testcase classname="runner.TestRunnerClass" name="runScenario" time="0.004"/>
  <testcase classname="runner.TestRunnerClass" name="runScenario" time="0.010"/>
  <testcase classname="runner.TestRunnerClass" name="runScenario" time="0.007"/>
  <testcase classname="runner.TestRunnerClass" name="runScenario" time="0.005"/>
  <testcase classname="runner.TestRunnerClass" name="runScenario" time="0.005"/>
  <testcase classname="runner.TestRunnerClass" name="runScenario" time="0.100"/>
  <testcase classname="runner.TestRunnerClass" name="runScenario" time="0.017"/>
  <testcase classname="runner.TestRunnerClass" name="runScenario" time="0.005"/>
  <testcase classname="runner.TestRunnerClass" name="runScenario" time="0.003"/>
  <testcase classname="runner.TestRunnerClass" name="runScenario" time="0.005"/>
</testsuite> <!-- runner.TestRunnerClass -->
