<?xml version="1.0" encoding="UTF-8"?>
<!-- Generated by org.testng.reporters.JUnitReportReporter -->
<testsuite hostname="L-INE-96MWM93" failures="0" tests="5" name="runner.TestRunnerClass" time="105.256" errors="0" timestamp="2025-01-03T17:20:50 IST" skipped="0">
  <testcase classname="runner.TestRunnerClass" name="runScenario" time="13.959"/>
  <system-out/>
  <testcase classname="runner.TestRunnerClass" name="runScenario" time="22.883"/>
  <system-out/>
  <testcase classname="runner.TestRunnerClass" name="runScenario" time="24.669"/>
  <system-out/>
  <testcase classname="runner.TestRunnerClass" name="runScenario" time="23.008"/>
  <system-out/>
  <testcase classname="runner.TestRunnerClass" name="runScenario" time="20.737"/>
  <system-out/>
</testsuite> <!-- runner.TestRunnerClass -->
