<?xml version="1.0" encoding="UTF-8"?>
<!-- Generated by org.testng.reporters.JUnitReportReporter -->
<testsuite hostname="L-INE-96MWM93" failures="0" tests="2" name="runner.TestRunnerClass" time="55.363" errors="0" timestamp="2025-01-09T00:40:19 IST" skipped="0">
  <testcase classname="runner.TestRunnerClass" name="runScenario" time="26.940"/>
  <testcase classname="runner.TestRunnerClass" name="runScenario" time="28.423"/>
</testsuite> <!-- runner.TestRunnerClass -->
