<?xml version="1.0" encoding="UTF-8"?>
<!-- Generated by org.testng.reporters.JUnitReportReporter -->
<testsuite hostname="L-INE-96MWM93" failures="0" tests="20" name="runner.TestRunnerClass" time="336.569" errors="0" timestamp="2025-01-10T13:07:42 IST" skipped="0">
  <testcase classname="runner.TestRunnerClass" name="runScenario" time="16.650"/>
  <testcase classname="runner.TestRunnerClass" name="runScenario" time="29.381"/>
  <testcase classname="runner.TestRunnerClass" name="runScenario" time="16.226"/>
  <testcase classname="runner.TestRunnerClass" name="runScenario" time="16.117"/>
  <testcase classname="runner.TestRunnerClass" name="runScenario" time="15.747"/>
  <testcase classname="runner.TestRunnerClass" name="runScenario" time="6.246"/>
  <testcase classname="runner.TestRunnerClass" name="runScenario" time="7.002"/>
  <testcase classname="runner.TestRunnerClass" name="runScenario" time="15.984"/>
  <testcase classname="runner.TestRunnerClass" name="runScenario" time="14.762"/>
  <testcase classname="runner.TestRunnerClass" name="runScenario" time="19.024"/>
  <testcase classname="runner.TestRunnerClass" name="runScenario" time="16.373"/>
  <testcase classname="runner.TestRunnerClass" name="runScenario" time="29.154"/>
  <testcase classname="runner.TestRunnerClass" name="runScenario" time="13.980"/>
  <testcase classname="runner.TestRunnerClass" name="runScenario" time="25.578"/>
  <testcase classname="runner.TestRunnerClass" name="runScenario" time="16.916"/>
  <testcase classname="runner.TestRunnerClass" name="runScenario" time="16.008"/>
  <testcase classname="runner.TestRunnerClass" name="runScenario" time="13.607"/>
  <testcase classname="runner.TestRunnerClass" name="runScenario" time="15.520"/>
  <testcase classname="runner.TestRunnerClass" name="runScenario" time="16.283"/>
  <testcase classname="runner.TestRunnerClass" name="runScenario" time="16.011"/>
</testsuite> <!-- runner.TestRunnerClass -->
