<?xml version="1.0" encoding="UTF-8"?>
<!-- Generated by org.testng.reporters.JUnitReportReporter -->
<testsuite hostname="L-INE-96MWM93" failures="0" tests="12" name="runner.TestRunnerClass" time="138.732" errors="0" timestamp="2025-01-07T23:13:52 IST" skipped="0">
  <testcase classname="runner.TestRunnerClass" name="runScenario" time="6.733"/>
  <testcase classname="runner.TestRunnerClass" name="runScenario" time="11.471"/>
  <testcase classname="runner.TestRunnerClass" name="runScenario" time="13.872"/>
  <testcase classname="runner.TestRunnerClass" name="runScenario" time="6.671"/>
  <testcase classname="runner.TestRunnerClass" name="runScenario" time="16.321"/>
  <testcase classname="runner.TestRunnerClass" name="runScenario" time="10.321"/>
  <testcase classname="runner.TestRunnerClass" name="runScenario" time="14.048"/>
  <testcase classname="runner.TestRunnerClass" name="runScenario" time="6.705"/>
  <testcase classname="runner.TestRunnerClass" name="runScenario" time="10.951"/>
  <testcase classname="runner.TestRunnerClass" name="runScenario" time="10.951"/>
  <testcase classname="runner.TestRunnerClass" name="runScenario" time="19.342"/>
  <testcase classname="runner.TestRunnerClass" name="runScenario" time="11.346"/>
</testsuite> <!-- runner.TestRunnerClass -->
