<?xml version="1.0" encoding="UTF-8"?>
<!-- Generated by org.testng.reporters.JUnitReportReporter -->
<testsuite hostname="L-INE-96MWM93" failures="0" tests="1" name="runner.TestRunnerClass" time="0.199" errors="0" timestamp="2025-01-22T22:18:40 IST" skipped="0">
  <testcase classname="runner.TestRunnerClass" name="runScenario" time="0.199"/>
</testsuite> <!-- runner.TestRunnerClass -->
